mktexpk --mfmode / --bdpi 600 --mag 1+0/600 --dpi 600 ecbx1200
mktexpk --mfmode / --bdpi 600 --mag 1+0/600 --dpi 600 cmr10
mktextfm ecbx1200
mktextfm cmr10
mktexpk --mfmode / --bdpi 600 --mag 1+0/600 --dpi 600 ecbx1200
mktexpk --mfmode / --bdpi 600 --mag 1+0/600 --dpi 600 cmr10
mktextfm ecbx1200
mktextfm cmr10
mktexpk --mfmode / --bdpi 600 --mag 1+0/600 --dpi 600 ecbx1200
mktexpk --mfmode / --bdpi 600 --mag 1+0/600 --dpi 600 cmr10
mktextfm ecbx1200
mktextfm cmr10
mktexpk --mfmode / --bdpi 600 --mag 1+0/600 --dpi 600 ecbx1200
mktexpk --mfmode / --bdpi 600 --mag 1+0/600 --dpi 600 cmr10
mktextfm ecbx1200
mktextfm cmr10
mktexpk --mfmode / --bdpi 600 --mag 1+0/600 --dpi 600 ecbx1200
mktexpk --mfmode / --bdpi 600 --mag 1+0/600 --dpi 600 cmr10
mktextfm ecbx1200
mktextfm cmr10
mktexpk --mfmode / --bdpi 600 --mag 1+0/600 --dpi 600 ecbx1200
mktexpk --mfmode / --bdpi 600 --mag 1+0/600 --dpi 600 cmr10
mktextfm ecbx1200
mktextfm cmr10
mktexpk --mfmode / --bdpi 600 --mag 1+0/600 --dpi 600 ecbx1200
mktexpk --mfmode / --bdpi 600 --mag 1+0/600 --dpi 600 cmr10
mktextfm ecbx1200
mktextfm cmr10
mktexpk --mfmode / --bdpi 600 --mag 1+0/600 --dpi 600 ecbx1200
mktexpk --mfmode / --bdpi 600 --mag 1+0/600 --dpi 600 cmr10
mktextfm ecbx1200
mktextfm cmr10
mktexpk --mfmode / --bdpi 600 --mag 1+0/600 --dpi 600 ecbx1200
mktexpk --mfmode / --bdpi 600 --mag 1+0/600 --dpi 600 cmr10
mktextfm ecbx1200
mktextfm cmr10
mktexpk --mfmode / --bdpi 600 --mag 1+0/600 --dpi 600 ecbx1200
mktexpk --mfmode / --bdpi 600 --mag 1+0/600 --dpi 600 cmr10
mktextfm ecbx1200
mktextfm cmr10
mktexpk --mfmode / --bdpi 600 --mag 1+0/600 --dpi 600 ecti1000
mktexpk --mfmode / --bdpi 600 --mag 1+0/600 --dpi 600 cmr10
mktextfm ecti1000
mktextfm cmr10
mktexpk --mfmode / --bdpi 600 --mag 1+0/600 --dpi 600 ecti1000
mktexpk --mfmode / --bdpi 600 --mag 1+0/600 --dpi 600 cmr10
mktextfm ecti1000
mktextfm cmr10
mktexpk --mfmode / --bdpi 600 --mag 1+0/600 --dpi 600 ecbx1200
mktexpk --mfmode / --bdpi 600 --mag 1+0/600 --dpi 600 cmr10
mktextfm ecbx1200
mktextfm cmr10
mktexpk --mfmode / --bdpi 600 --mag 1+0/600 --dpi 600 ecbx1200
mktexpk --mfmode / --bdpi 600 --mag 1+0/600 --dpi 600 cmr10
mktextfm ecbx1200
mktextfm cmr10
mktexpk --mfmode / --bdpi 600 --mag 1+0/600 --dpi 600 ecbx1200
mktexpk --mfmode / --bdpi 600 --mag 1+0/600 --dpi 600 cmr10
mktextfm ecbx1200
mktextfm cmr10
mktexpk --mfmode / --bdpi 600 --mag 1+0/600 --dpi 600 ecbx1200
mktexpk --mfmode / --bdpi 600 --mag 1+0/600 --dpi 600 cmr10
mktextfm ecbx1200
mktextfm cmr10
mktexpk --mfmode / --bdpi 600 --mag 1+0/600 --dpi 600 ecti1000
mktexpk --mfmode / --bdpi 600 --mag 1+0/600 --dpi 600 cmr10
mktextfm ecti1000
mktextfm cmr10
mktexpk --mfmode / --bdpi 600 --mag 1+0/600 --dpi 600 ecti1000
mktexpk --mfmode / --bdpi 600 --mag 1+0/600 --dpi 600 cmr10
mktextfm ecti1000
mktextfm cmr10
mktexpk --mfmode / --bdpi 600 --mag 1+0/600 --dpi 600 ecti1000
mktexpk --mfmode / --bdpi 600 --mag 1+0/600 --dpi 600 cmr10
mktextfm ecti1000
mktextfm cmr10
mktexpk --mfmode / --bdpi 600 --mag 1+0/600 --dpi 600 ecti1000
mktexpk --mfmode / --bdpi 600 --mag 1+0/600 --dpi 600 cmr10
mktextfm ecti1000
mktextfm cmr10
mktexpk --mfmode / --bdpi 600 --mag 1+0/600 --dpi 600 ecti1000
mktexpk --mfmode / --bdpi 600 --mag 1+0/600 --dpi 600 cmr10
mktextfm ecti1000
mktextfm cmr10
mktexpk --mfmode / --bdpi 600 --mag 1+0/600 --dpi 600 ecti1000
mktexpk --mfmode / --bdpi 600 --mag 1+0/600 --dpi 600 cmr10
mktextfm ecti1000
mktextfm cmr10
mktexpk --mfmode / --bdpi 600 --mag 1+0/600 --dpi 600 ecti1000
mktexpk --mfmode / --bdpi 600 --mag 1+0/600 --dpi 600 cmr10
mktextfm ecti1000
mktextfm cmr10
mktexpk --mfmode / --bdpi 600 --mag 1+0/600 --dpi 600 ecti1000
mktexpk --mfmode / --bdpi 600 --mag 1+0/600 --dpi 600 cmr10
mktextfm ecti1000
mktextfm cmr10
mktexpk --mfmode / --bdpi 600 --mag 1+0/600 --dpi 600 ecti1000
mktexpk --mfmode / --bdpi 600 --mag 1+0/600 --dpi 600 cmr10
mktextfm ecti1000
mktextfm cmr10
mktexpk --mfmode / --bdpi 600 --mag 1+0/600 --dpi 600 ecti1000
mktexpk --mfmode / --bdpi 600 --mag 1+0/600 --dpi 600 cmr10
mktextfm ecti1000
mktextfm cmr10
mktexpk --mfmode / --bdpi 600 --mag 1+0/600 --dpi 600 ecti1000
mktexpk --mfmode / --bdpi 600 --mag 1+0/600 --dpi 600 cmr10
mktextfm ecti1000
mktextfm cmr10
mktexpk --mfmode / --bdpi 600 --mag 1+0/600 --dpi 600 ecti1000
mktexpk --mfmode / --bdpi 600 --mag 1+0/600 --dpi 600 cmr10
mktextfm ecti1000
mktextfm cmr10
mktexpk --mfmode / --bdpi 600 --mag 1+0/600 --dpi 600 ecti1000
mktexpk --mfmode / --bdpi 600 --mag 1+0/600 --dpi 600 cmr10
mktextfm ecti1000
mktextfm cmr10
mktexpk --mfmode / --bdpi 600 --mag 1+0/600 --dpi 600 ecti1000
mktexpk --mfmode / --bdpi 600 --mag 1+0/600 --dpi 600 cmr10
mktextfm ecti1000
mktextfm cmr10
